{"D:\\Projects\\NodeJS-Mentoring-Program\\task7-logging\\src\\controllers\\group.ts": {"path":"D:\\Projects\\NodeJS-Mentoring-Program\\task7-logging\\src\\controllers\\group.ts","statementMap":{"0":{"start":{"line":3,"column":0},"end":{"line":3,"column":33}},"1":{"start":{"line":8,"column":4},"end":{"line":8,"column":27}},"2":{"start":{"line":13,"column":20},"end":{"line":13,"column":33}},"3":{"start":{"line":15,"column":4},"end":{"line":23,"column":null}},"4":{"start":{"line":16,"column":20},"end":{"line":16,"column":48}},"5":{"start":{"line":18,"column":6},"end":{"line":18,"column":29}},"6":{"start":{"line":20,"column":18},"end":{"line":20,"column":74}},"7":{"start":{"line":21,"column":20},"end":{"line":21,"column":87}},"8":{"start":{"line":22,"column":6},"end":{"line":22,"column":52}},"9":{"start":{"line":28,"column":18},"end":{"line":28,"column":26}},"10":{"start":{"line":30,"column":4},"end":{"line":35,"column":null}},"11":{"start":{"line":31,"column":23},"end":{"line":31,"column":57}},"12":{"start":{"line":32,"column":6},"end":{"line":32,"column":32}},"13":{"start":{"line":34,"column":6},"end":{"line":34,"column":77}},"14":{"start":{"line":40,"column":4},"end":{"line":46,"column":null}},"15":{"start":{"line":41,"column":21},"end":{"line":41,"column":45}},"16":{"start":{"line":43,"column":6},"end":{"line":43,"column":30}},"17":{"start":{"line":45,"column":6},"end":{"line":45,"column":60}},"18":{"start":{"line":51,"column":20},"end":{"line":51,"column":33}},"19":{"start":{"line":53,"column":4},"end":{"line":59,"column":null}},"20":{"start":{"line":54,"column":22},"end":{"line":54,"column":58}},"21":{"start":{"line":56,"column":6},"end":{"line":56,"column":31}},"22":{"start":{"line":58,"column":6},"end":{"line":58,"column":42}},"23":{"start":{"line":64,"column":20},"end":{"line":64,"column":33}},"24":{"start":{"line":65,"column":17},"end":{"line":65,"column":25}},"25":{"start":{"line":67,"column":4},"end":{"line":73,"column":null}},"26":{"start":{"line":68,"column":20},"end":{"line":68,"column":61}},"27":{"start":{"line":70,"column":6},"end":{"line":70,"column":29}},"28":{"start":{"line":72,"column":6},"end":{"line":72,"column":85}},"29":{"start":{"line":78,"column":20},"end":{"line":78,"column":33}},"30":{"start":{"line":79,"column":22},"end":{"line":79,"column":30}},"31":{"start":{"line":82,"column":4},"end":{"line":96,"column":null}},"32":{"start":{"line":83,"column":6},"end":{"line":83,"column":53}},"33":{"start":{"line":84,"column":27},"end":{"line":84,"column":87}},"34":{"start":{"line":85,"column":6},"end":{"line":85,"column":36}},"35":{"start":{"line":87,"column":6},"end":{"line":89,"column":null}},"36":{"start":{"line":88,"column":8},"end":{"line":88,"column":37}},"37":{"start":{"line":91,"column":6},"end":{"line":93,"column":null}},"38":{"start":{"line":92,"column":8},"end":{"line":92,"column":40}},"39":{"start":{"line":95,"column":6},"end":{"line":95,"column":75}},"40":{"start":{"line":12,"column":2},"end":{"line":24,"column":null}},"41":{"start":{"line":27,"column":2},"end":{"line":36,"column":null}},"42":{"start":{"line":39,"column":2},"end":{"line":47,"column":null}},"43":{"start":{"line":50,"column":2},"end":{"line":60,"column":null}},"44":{"start":{"line":63,"column":2},"end":{"line":74,"column":null}},"45":{"start":{"line":77,"column":2},"end":{"line":97,"column":null}},"46":{"start":{"line":5,"column":0},"end":{"line":5,"column":21}}},"fnMap":{"0":{"name":"(anonymous_8)","decl":{"start":{"line":7,"column":2},"end":{"line":7,"column":14}},"loc":{"start":{"line":7,"column":23},"end":{"line":9,"column":3}}},"1":{"name":"(anonymous_9)","decl":{"start":{"line":12,"column":8},"end":{"line":12,"column":16}},"loc":{"start":{"line":12,"column":64},"end":{"line":24,"column":null}}},"2":{"name":"(anonymous_11)","decl":{"start":{"line":27,"column":8},"end":{"line":27,"column":14}},"loc":{"start":{"line":27,"column":62},"end":{"line":36,"column":null}}},"3":{"name":"(anonymous_13)","decl":{"start":{"line":39,"column":8},"end":{"line":39,"column":20}},"loc":{"start":{"line":39,"column":68},"end":{"line":47,"column":null}}},"4":{"name":"(anonymous_15)","decl":{"start":{"line":50,"column":8},"end":{"line":50,"column":19}},"loc":{"start":{"line":50,"column":67},"end":{"line":60,"column":null}}},"5":{"name":"(anonymous_17)","decl":{"start":{"line":63,"column":8},"end":{"line":63,"column":19}},"loc":{"start":{"line":63,"column":67},"end":{"line":74,"column":null}}},"6":{"name":"(anonymous_19)","decl":{"start":{"line":77,"column":8},"end":{"line":77,"column":23}},"loc":{"start":{"line":77,"column":71},"end":{"line":97,"column":null}}}},"branchMap":{"0":{"loc":{"start":{"line":87,"column":6},"end":{"line":89,"column":null}},"type":"if","locations":[{"start":{"line":87,"column":6},"end":{"line":89,"column":null}},{"start":{"line":87,"column":6},"end":{"line":89,"column":null}}]},"1":{"loc":{"start":{"line":91,"column":6},"end":{"line":93,"column":null}},"type":"if","locations":[{"start":{"line":91,"column":6},"end":{"line":93,"column":null}},{"start":{"line":91,"column":6},"end":{"line":93,"column":null}}]},"2":{"loc":{"start":{"line":91,"column":10},"end":{"line":91,"column":11}},"type":"binary-expr","locations":[{"start":{"line":91,"column":10},"end":{"line":91,"column":11}},{"start":{"line":91,"column":15},"end":{"line":91,"column":68}}]}},"s":{"0":1,"1":24,"2":4,"3":4,"4":4,"5":2,"6":2,"7":2,"8":2,"9":4,"10":4,"11":4,"12":2,"13":2,"14":4,"15":4,"16":2,"17":2,"18":4,"19":4,"20":4,"21":2,"22":2,"23":4,"24":4,"25":4,"26":4,"27":2,"28":2,"29":4,"30":4,"31":4,"32":4,"33":2,"34":2,"35":2,"36":0,"37":2,"38":0,"39":2,"40":1,"41":1,"42":1,"43":1,"44":1,"45":1,"46":1},"f":{"0":24,"1":4,"2":4,"3":4,"4":4,"5":4,"6":4},"b":{"0":[0,2],"1":[0,2],"2":[2,2]}}
,"D:\\Projects\\NodeJS-Mentoring-Program\\task7-logging\\src\\controllers\\user.ts": {"path":"D:\\Projects\\NodeJS-Mentoring-Program\\task7-logging\\src\\controllers\\user.ts","statementMap":{"0":{"start":{"line":2,"column":0},"end":{"line":2,"column":28}},"1":{"start":{"line":4,"column":0},"end":{"line":4,"column":33}},"2":{"start":{"line":9,"column":4},"end":{"line":9,"column":26}},"3":{"start":{"line":14,"column":19},"end":{"line":14,"column":32}},"4":{"start":{"line":16,"column":4},"end":{"line":24,"column":null}},"5":{"start":{"line":17,"column":19},"end":{"line":17,"column":46}},"6":{"start":{"line":19,"column":6},"end":{"line":19,"column":28}},"7":{"start":{"line":21,"column":18},"end":{"line":21,"column":72}},"8":{"start":{"line":22,"column":20},"end":{"line":22,"column":87}},"9":{"start":{"line":23,"column":6},"end":{"line":23,"column":52}},"10":{"start":{"line":29,"column":17},"end":{"line":29,"column":33}},"11":{"start":{"line":30,"column":21},"end":{"line":30,"column":46}},"12":{"start":{"line":32,"column":4},"end":{"line":38,"column":null}},"13":{"start":{"line":33,"column":22},"end":{"line":33,"column":70}},"14":{"start":{"line":35,"column":6},"end":{"line":35,"column":31}},"15":{"start":{"line":37,"column":6},"end":{"line":37,"column":76}},"16":{"start":{"line":43,"column":4},"end":{"line":49,"column":null}},"17":{"start":{"line":44,"column":20},"end":{"line":44,"column":44}},"18":{"start":{"line":46,"column":6},"end":{"line":46,"column":29}},"19":{"start":{"line":48,"column":6},"end":{"line":48,"column":37}},"20":{"start":{"line":54,"column":38},"end":{"line":54,"column":47}},"21":{"start":{"line":56,"column":4},"end":{"line":62,"column":null}},"22":{"start":{"line":57,"column":20},"end":{"line":57,"column":78}},"23":{"start":{"line":59,"column":6},"end":{"line":59,"column":29}},"24":{"start":{"line":61,"column":6},"end":{"line":61,"column":60}},"25":{"start":{"line":67,"column":19},"end":{"line":67,"column":32}},"26":{"start":{"line":69,"column":4},"end":{"line":75,"column":null}},"27":{"start":{"line":70,"column":22},"end":{"line":70,"column":56}},"28":{"start":{"line":72,"column":6},"end":{"line":72,"column":31}},"29":{"start":{"line":74,"column":6},"end":{"line":74,"column":42}},"30":{"start":{"line":80,"column":19},"end":{"line":80,"column":32}},"31":{"start":{"line":81,"column":15},"end":{"line":81,"column":23}},"32":{"start":{"line":83,"column":4},"end":{"line":86,"column":null}},"33":{"start":{"line":84,"column":30},"end":{"line":84,"column":51}},"34":{"start":{"line":85,"column":6},"end":{"line":85,"column":52}},"35":{"start":{"line":88,"column":4},"end":{"line":94,"column":null}},"36":{"start":{"line":89,"column":19},"end":{"line":89,"column":59}},"37":{"start":{"line":91,"column":6},"end":{"line":91,"column":28}},"38":{"start":{"line":93,"column":6},"end":{"line":93,"column":83}},"39":{"start":{"line":13,"column":2},"end":{"line":25,"column":null}},"40":{"start":{"line":28,"column":2},"end":{"line":39,"column":null}},"41":{"start":{"line":42,"column":2},"end":{"line":50,"column":null}},"42":{"start":{"line":53,"column":2},"end":{"line":63,"column":null}},"43":{"start":{"line":66,"column":2},"end":{"line":76,"column":null}},"44":{"start":{"line":79,"column":2},"end":{"line":95,"column":null}},"45":{"start":{"line":6,"column":0},"end":{"line":6,"column":21}}},"fnMap":{"0":{"name":"(anonymous_9)","decl":{"start":{"line":8,"column":2},"end":{"line":8,"column":14}},"loc":{"start":{"line":8,"column":23},"end":{"line":10,"column":3}}},"1":{"name":"(anonymous_10)","decl":{"start":{"line":13,"column":8},"end":{"line":13,"column":15}},"loc":{"start":{"line":13,"column":63},"end":{"line":25,"column":null}}},"2":{"name":"(anonymous_12)","decl":{"start":{"line":28,"column":8},"end":{"line":28,"column":14}},"loc":{"start":{"line":28,"column":62},"end":{"line":39,"column":null}}},"3":{"name":"(anonymous_14)","decl":{"start":{"line":42,"column":8},"end":{"line":42,"column":19}},"loc":{"start":{"line":42,"column":67},"end":{"line":50,"column":null}}},"4":{"name":"(anonymous_16)","decl":{"start":{"line":53,"column":8},"end":{"line":53,"column":23}},"loc":{"start":{"line":53,"column":71},"end":{"line":63,"column":null}}},"5":{"name":"(anonymous_18)","decl":{"start":{"line":66,"column":8},"end":{"line":66,"column":18}},"loc":{"start":{"line":66,"column":66},"end":{"line":76,"column":null}}},"6":{"name":"(anonymous_20)","decl":{"start":{"line":79,"column":8},"end":{"line":79,"column":18}},"loc":{"start":{"line":79,"column":66},"end":{"line":95,"column":null}}}},"branchMap":{"0":{"loc":{"start":{"line":83,"column":4},"end":{"line":86,"column":null}},"type":"if","locations":[{"start":{"line":83,"column":4},"end":{"line":86,"column":null}},{"start":{"line":83,"column":4},"end":{"line":86,"column":null}}]},"1":{"loc":{"start":{"line":83,"column":8},"end":{"line":83,"column":12}},"type":"binary-expr","locations":[{"start":{"line":83,"column":8},"end":{"line":83,"column":12}},{"start":{"line":83,"column":16},"end":{"line":83,"column":29}}]}},"s":{"0":1,"1":1,"2":25,"3":4,"4":4,"5":4,"6":2,"7":2,"8":2,"9":2,"10":4,"11":4,"12":4,"13":4,"14":2,"15":2,"16":4,"17":4,"18":2,"19":2,"20":4,"21":4,"22":4,"23":2,"24":2,"25":4,"26":4,"27":4,"28":2,"29":2,"30":5,"31":5,"32":5,"33":4,"34":4,"35":5,"36":5,"37":2,"38":3,"39":1,"40":1,"41":1,"42":1,"43":1,"44":1,"45":1},"f":{"0":25,"1":4,"2":4,"3":4,"4":4,"5":4,"6":5},"b":{"0":[4,1],"1":[5,4]}}
,"D:\\Projects\\NodeJS-Mentoring-Program\\task7-logging\\src\\utils\\controllerFactory.ts": {"path":"D:\\Projects\\NodeJS-Mentoring-Program\\task7-logging\\src\\utils\\controllerFactory.ts","statementMap":{"0":{"start":{"line":8,"column":4},"end":{"line":8,"column":35}},"1":{"start":{"line":9,"column":4},"end":{"line":9,"column":21}},"2":{"start":{"line":10,"column":4},"end":{"line":10,"column":25}},"3":{"start":{"line":11,"column":4},"end":{"line":11,"column":25}},"4":{"start":{"line":15,"column":4},"end":{"line":15,"column":58}},"5":{"start":{"line":19,"column":4},"end":{"line":19,"column":59}},"6":{"start":{"line":23,"column":4},"end":{"line":23,"column":61}},"7":{"start":{"line":27,"column":4},"end":{"line":27,"column":71}},"8":{"start":{"line":1,"column":0},"end":{"line":1,"column":13}}},"fnMap":{"0":{"name":"(anonymous_0)","decl":{"start":{"line":7,"column":2},"end":{"line":7,"column":14}},"loc":{"start":{"line":7,"column":70},"end":{"line":12,"column":3}}},"1":{"name":"(anonymous_1)","decl":{"start":{"line":14,"column":2},"end":{"line":14,"column":19}},"loc":{"start":{"line":14,"column":19},"end":{"line":16,"column":3}}},"2":{"name":"(anonymous_2)","decl":{"start":{"line":18,"column":2},"end":{"line":18,"column":20}},"loc":{"start":{"line":18,"column":20},"end":{"line":20,"column":3}}},"3":{"name":"(anonymous_3)","decl":{"start":{"line":22,"column":2},"end":{"line":22,"column":20}},"loc":{"start":{"line":22,"column":20},"end":{"line":24,"column":3}}},"4":{"name":"(anonymous_4)","decl":{"start":{"line":26,"column":2},"end":{"line":26,"column":19}},"loc":{"start":{"line":26,"column":19},"end":{"line":28,"column":3}}}},"branchMap":{},"s":{"0":0,"1":0,"2":0,"3":0,"4":0,"5":0,"6":0,"7":0,"8":2},"f":{"0":0,"1":0,"2":0,"3":0,"4":0},"b":{}}
,"D:\\Projects\\NodeJS-Mentoring-Program\\task7-logging\\src\\utils\\index.ts": {"path":"D:\\Projects\\NodeJS-Mentoring-Program\\task7-logging\\src\\utils\\index.ts","statementMap":{"0":{"start":{"line":1,"column":0},"end":{"line":1,"column":9}},"1":{"start":{"line":7,"column":9},"end":{"line":1,"column":57}},"2":{"start":{"line":2,"column":0},"end":{"line":2,"column":9}},"3":{"start":{"line":7,"column":29},"end":{"line":2,"column":34}},"4":{"start":{"line":3,"column":0},"end":{"line":3,"column":7}},"5":{"start":{"line":7,"column":37},"end":{"line":3,"column":44}},"6":{"start":{"line":4,"column":0},"end":{"line":4,"column":7}},"7":{"start":{"line":7,"column":52},"end":{"line":4,"column":44}},"8":{"start":{"line":5,"column":0},"end":{"line":5,"column":9}},"9":{"start":{"line":7,"column":67},"end":{"line":5,"column":32}}},"fnMap":{},"branchMap":{},"s":{"0":2,"1":2,"2":2,"3":2,"4":2,"5":2,"6":2,"7":2,"8":2,"9":2},"f":{},"b":{}}
,"D:\\Projects\\NodeJS-Mentoring-Program\\task7-logging\\src\\utils\\logger.ts": {"path":"D:\\Projects\\NodeJS-Mentoring-Program\\task7-logging\\src\\utils\\logger.ts","statementMap":{"0":{"start":{"line":1,"column":0},"end":{"line":1,"column":20}},"1":{"start":{"line":2,"column":0},"end":{"line":2,"column":24}},"2":{"start":{"line":8,"column":4},"end":{"line":8,"column":25}},"3":{"start":{"line":12,"column":4},"end":{"line":15,"column":null}},"4":{"start":{"line":13,"column":6},"end":{"line":13,"column":27}},"5":{"start":{"line":14,"column":6},"end":{"line":14,"column":13}},"6":{"start":{"line":17,"column":4},"end":{"line":25,"column":null}},"7":{"start":{"line":18,"column":6},"end":{"line":18,"column":56}},"8":{"start":{"line":20,"column":22},"end":{"line":20,"column":62}},"9":{"start":{"line":22,"column":6},"end":{"line":22,"column":42}},"10":{"start":{"line":24,"column":6},"end":{"line":24,"column":13}},"11":{"start":{"line":4,"column":0},"end":{"line":4,"column":13}}},"fnMap":{"0":{"name":"(anonymous_1)","decl":{"start":{"line":7,"column":2},"end":{"line":7,"column":14}},"loc":{"start":{"line":7,"column":25},"end":{"line":9,"column":3}}},"1":{"name":"(anonymous_2)","decl":{"start":{"line":11,"column":2},"end":{"line":11,"column":5}},"loc":{"start":{"line":11,"column":21},"end":{"line":26,"column":3}}}},"branchMap":{"0":{"loc":{"start":{"line":12,"column":4},"end":{"line":15,"column":null}},"type":"if","locations":[{"start":{"line":12,"column":4},"end":{"line":15,"column":null}},{"start":{"line":12,"column":4},"end":{"line":15,"column":null}}]},"1":{"loc":{"start":{"line":17,"column":4},"end":{"line":25,"column":null}},"type":"if","locations":[{"start":{"line":17,"column":4},"end":{"line":25,"column":null}},{"start":{"line":17,"column":4},"end":{"line":25,"column":null}}]}},"s":{"0":2,"1":2,"2":0,"3":0,"4":0,"5":0,"6":0,"7":0,"8":0,"9":0,"10":0,"11":2},"f":{"0":0,"1":0},"b":{"0":[0,0],"1":[0,0]}}
,"D:\\Projects\\NodeJS-Mentoring-Program\\task7-logging\\src\\utils\\loggerWinston.ts": {"path":"D:\\Projects\\NodeJS-Mentoring-Program\\task7-logging\\src\\utils\\loggerWinston.ts","statementMap":{"0":{"start":{"line":1,"column":0},"end":{"line":1,"column":24}},"1":{"start":{"line":2,"column":0},"end":{"line":2,"column":67}},"2":{"start":{"line":4,"column":0},"end":{"line":36,"column":2}},"3":{"start":{"line":8,"column":24},"end":{"line":17,"column":4}},"4":{"start":{"line":19,"column":2},"end":{"line":24,"column":5}},"5":{"start":{"line":26,"column":2},"end":{"line":33,"column":null}},"6":{"start":{"line":27,"column":20},"end":{"line":27,"column":51}},"7":{"start":{"line":28,"column":28},"end":{"line":28,"column":103}},"8":{"start":{"line":29,"column":23},"end":{"line":29,"column":86}},"9":{"start":{"line":31,"column":4},"end":{"line":31,"column":32}},"10":{"start":{"line":32,"column":4},"end":{"line":32,"column":27}},"11":{"start":{"line":35,"column":2},"end":{"line":35,"column":16}}},"fnMap":{"0":{"name":"(anonymous_1)","decl":{"start":{"line":4,"column":15},"end":{"line":4,"column":16}},"loc":{"start":{"line":4,"column":39},"end":{"line":36,"column":1}}}},"branchMap":{"0":{"loc":{"start":{"line":26,"column":2},"end":{"line":33,"column":null}},"type":"if","locations":[{"start":{"line":26,"column":2},"end":{"line":33,"column":null}},{"start":{"line":26,"column":2},"end":{"line":33,"column":null}}]}},"s":{"0":2,"1":2,"2":2,"3":0,"4":0,"5":0,"6":0,"7":0,"8":0,"9":0,"10":0,"11":0},"f":{"0":0},"b":{"0":[0,0]}}
,"D:\\Projects\\NodeJS-Mentoring-Program\\task7-logging\\src\\utils\\requestLogger.ts": {"path":"D:\\Projects\\NodeJS-Mentoring-Program\\task7-logging\\src\\utils\\requestLogger.ts","statementMap":{"0":{"start":{"line":2,"column":0},"end":{"line":2,"column":28}},"1":{"start":{"line":5,"column":0},"end":{"line":17,"column":2}},"2":{"start":{"line":6,"column":17},"end":{"line":6,"column":68}},"3":{"start":{"line":8,"column":2},"end":{"line":8,"column":58}},"4":{"start":{"line":8,"column":46},"end":{"line":8,"column":56}},"5":{"start":{"line":10,"column":18},"end":{"line":14,"column":4}},"6":{"start":{"line":12,"column":34},"end":{"line":12,"column":61}},"7":{"start":{"line":16,"column":2},"end":{"line":16,"column":33}}},"fnMap":{"0":{"name":"(anonymous_1)","decl":{"start":{"line":5,"column":15},"end":{"line":5,"column":16}},"loc":{"start":{"line":5,"column":50},"end":{"line":17,"column":1}}},"1":{"name":"(anonymous_2)","decl":{"start":{"line":8,"column":28},"end":{"line":8,"column":29}},"loc":{"start":{"line":8,"column":46},"end":{"line":8,"column":56}}},"2":{"name":"(anonymous_3)","decl":{"start":{"line":12,"column":13},"end":{"line":12,"column":14}},"loc":{"start":{"line":12,"column":34},"end":{"line":12,"column":61}}}},"branchMap":{},"s":{"0":2,"1":2,"2":0,"3":0,"4":0,"5":0,"6":0,"7":0},"f":{"0":0,"1":0,"2":0},"b":{}}
,"D:\\Projects\\NodeJS-Mentoring-Program\\task7-logging\\src\\utils\\timer.ts": {"path":"D:\\Projects\\NodeJS-Mentoring-Program\\task7-logging\\src\\utils\\timer.ts","statementMap":{"0":{"start":{"line":2,"column":2},"end":{"line":5,"column":null}},"1":{"start":{"line":4,"column":6},"end":{"line":4,"column":81}},"2":{"start":{"line":6,"column":20},"end":{"line":6,"column":121}},"3":{"start":{"line":7,"column":25},"end":{"line":7,"column":49}},"4":{"start":{"line":8,"column":2},"end":{"line":19,"column":4}},"5":{"start":{"line":9,"column":17},"end":{"line":9,"column":37}},"6":{"start":{"line":10,"column":6},"end":{"line":10,"column":51}},"7":{"start":{"line":11,"column":6},"end":{"line":18,"column":null}},"8":{"start":{"line":12,"column":25},"end":{"line":12,"column":57}},"9":{"start":{"line":13,"column":10},"end":{"line":13,"column":108}},"10":{"start":{"line":14,"column":10},"end":{"line":14,"column":24}},"11":{"start":{"line":16,"column":10},"end":{"line":16,"column":108}},"12":{"start":{"line":17,"column":10},"end":{"line":17,"column":20}},"13":{"start":{"line":20,"column":2},"end":{"line":20,"column":28}},"14":{"start":{"line":1,"column":0},"end":{"line":1,"column":16}}},"fnMap":{"0":{"name":"timer","decl":{"start":{"line":1,"column":16},"end":{"line":1,"column":21}},"loc":{"start":{"line":1,"column":94},"end":{"line":21,"column":1}}},"1":{"name":"(anonymous_1)","decl":{"start":{"line":8,"column":29},"end":{"line":8,"column":38}},"loc":{"start":{"line":8,"column":52},"end":{"line":19,"column":3}}}},"branchMap":{"0":{"loc":{"start":{"line":2,"column":2},"end":{"line":5,"column":null}},"type":"if","locations":[{"start":{"line":2,"column":2},"end":{"line":5,"column":null}},{"start":{"line":2,"column":2},"end":{"line":5,"column":null}}]},"1":{"loc":{"start":{"line":6,"column":50},"end":{"line":6,"column":73}},"type":"cond-expr","locations":[{"start":{"line":6,"column":50},"end":{"line":6,"column":73}},{"start":{"line":6,"column":76},"end":{"line":6,"column":99}}]}},"s":{"0":12,"1":0,"2":12,"3":12,"4":12,"5":49,"6":49,"7":49,"8":49,"9":49,"10":49,"11":0,"12":0,"13":12,"14":2},"f":{"0":12,"1":49},"b":{"0":[0,12],"1":[0,12]}}
}
