TN:
SF:src\controllers\group.ts
FN:7,(anonymous_8)
FN:12,(anonymous_9)
FN:27,(anonymous_11)
FN:39,(anonymous_13)
FN:50,(anonymous_15)
FN:63,(anonymous_17)
FN:77,(anonymous_19)
FNF:7
FNH:7
FNDA:24,(anonymous_8)
FNDA:4,(anonymous_9)
FNDA:4,(anonymous_11)
FNDA:4,(anonymous_13)
FNDA:4,(anonymous_15)
FNDA:4,(anonymous_17)
FNDA:4,(anonymous_19)
DA:3,1
DA:5,1
DA:8,24
DA:12,1
DA:13,4
DA:15,4
DA:16,4
DA:18,2
DA:20,2
DA:21,2
DA:22,2
DA:27,1
DA:28,4
DA:30,4
DA:31,4
DA:32,2
DA:34,2
DA:39,1
DA:40,4
DA:41,4
DA:43,2
DA:45,2
DA:50,1
DA:51,4
DA:53,4
DA:54,4
DA:56,2
DA:58,2
DA:63,1
DA:64,4
DA:65,4
DA:67,4
DA:68,4
DA:70,2
DA:72,2
DA:77,1
DA:78,4
DA:79,4
DA:82,4
DA:83,4
DA:84,2
DA:85,2
DA:87,2
DA:88,0
DA:91,2
DA:92,0
DA:95,2
LF:47
LH:45
BRDA:87,0,0,0
BRDA:87,0,1,2
BRDA:91,1,0,0
BRDA:91,1,1,2
BRDA:91,2,0,2
BRDA:91,2,1,2
BRF:6
BRH:4
end_of_record
TN:
SF:src\controllers\user.ts
FN:8,(anonymous_9)
FN:13,(anonymous_10)
FN:28,(anonymous_12)
FN:42,(anonymous_14)
FN:53,(anonymous_16)
FN:66,(anonymous_18)
FN:79,(anonymous_20)
FNF:7
FNH:7
FNDA:25,(anonymous_9)
FNDA:4,(anonymous_10)
FNDA:4,(anonymous_12)
FNDA:4,(anonymous_14)
FNDA:4,(anonymous_16)
FNDA:4,(anonymous_18)
FNDA:5,(anonymous_20)
DA:2,1
DA:4,1
DA:6,1
DA:9,25
DA:13,1
DA:14,4
DA:16,4
DA:17,4
DA:19,2
DA:21,2
DA:22,2
DA:23,2
DA:28,1
DA:29,4
DA:30,4
DA:32,4
DA:33,4
DA:35,2
DA:37,2
DA:42,1
DA:43,4
DA:44,4
DA:46,2
DA:48,2
DA:53,1
DA:54,4
DA:56,4
DA:57,4
DA:59,2
DA:61,2
DA:66,1
DA:67,4
DA:69,4
DA:70,4
DA:72,2
DA:74,2
DA:79,1
DA:80,5
DA:81,5
DA:83,5
DA:84,4
DA:85,4
DA:88,5
DA:89,5
DA:91,2
DA:93,3
LF:46
LH:46
BRDA:83,0,0,4
BRDA:83,0,1,1
BRDA:83,1,0,5
BRDA:83,1,1,4
BRF:4
BRH:4
end_of_record
TN:
SF:src\utils\controllerFactory.ts
FN:7,(anonymous_0)
FN:14,(anonymous_1)
FN:18,(anonymous_2)
FN:22,(anonymous_3)
FN:26,(anonymous_4)
FNF:5
FNH:0
FNDA:0,(anonymous_0)
FNDA:0,(anonymous_1)
FNDA:0,(anonymous_2)
FNDA:0,(anonymous_3)
FNDA:0,(anonymous_4)
DA:1,2
DA:8,0
DA:9,0
DA:10,0
DA:11,0
DA:15,0
DA:19,0
DA:23,0
DA:27,0
LF:9
LH:1
BRF:0
BRH:0
end_of_record
TN:
SF:src\utils\index.ts
FNF:0
FNH:0
DA:1,2
DA:2,2
DA:3,2
DA:4,2
DA:5,2
DA:7,2
LF:6
LH:6
BRF:0
BRH:0
end_of_record
TN:
SF:src\utils\logger.ts
FN:7,(anonymous_1)
FN:11,(anonymous_2)
FNF:2
FNH:0
FNDA:0,(anonymous_1)
FNDA:0,(anonymous_2)
DA:1,2
DA:2,2
DA:4,2
DA:8,0
DA:12,0
DA:13,0
DA:14,0
DA:17,0
DA:18,0
DA:20,0
DA:22,0
DA:24,0
LF:12
LH:3
BRDA:12,0,0,0
BRDA:12,0,1,0
BRDA:17,1,0,0
BRDA:17,1,1,0
BRF:4
BRH:0
end_of_record
TN:
SF:src\utils\loggerWinston.ts
FN:4,(anonymous_1)
FNF:1
FNH:0
FNDA:0,(anonymous_1)
DA:1,2
DA:2,2
DA:4,2
DA:8,0
DA:19,0
DA:26,0
DA:27,0
DA:28,0
DA:29,0
DA:31,0
DA:32,0
DA:35,0
LF:12
LH:3
BRDA:26,0,0,0
BRDA:26,0,1,0
BRF:2
BRH:0
end_of_record
TN:
SF:src\utils\requestLogger.ts
FN:5,(anonymous_1)
FN:8,(anonymous_2)
FN:12,(anonymous_3)
FNF:3
FNH:0
FNDA:0,(anonymous_1)
FNDA:0,(anonymous_2)
FNDA:0,(anonymous_3)
DA:2,2
DA:5,2
DA:6,0
DA:8,0
DA:10,0
DA:12,0
DA:16,0
LF:7
LH:2
BRF:0
BRH:0
end_of_record
TN:
SF:src\utils\timer.ts
FN:1,timer
FN:8,(anonymous_1)
FNF:2
FNH:2
FNDA:12,timer
FNDA:49,(anonymous_1)
DA:1,2
DA:2,12
DA:4,0
DA:6,12
DA:7,12
DA:8,12
DA:9,49
DA:10,49
DA:11,49
DA:12,49
DA:13,49
DA:14,49
DA:16,0
DA:17,0
DA:20,12
LF:15
LH:12
BRDA:2,0,0,0
BRDA:2,0,1,12
BRDA:6,1,0,0
BRDA:6,1,1,12
BRF:4
BRH:2
end_of_record
